<?xml version="1.0" encoding="UTF-8"?>
<testng-results skipped="0" failed="0" ignored="0" total="1" passed="1">
  <reporter-output>
  </reporter-output>
  <suite name="BDD Test Suite" duration-ms="15508" started-at="2019-07-06T22:22:25Z" finished-at="2019-07-06T22:22:41Z">
    <groups>
      <group name="cucumber">
        <method signature="TestRunner.feature(cucumber.api.testng.CucumberFeatureWrapper)[pri:0, instance:Runner.TestRunner@234bef66]" name="feature" class="Runner.TestRunner"/>
      </group> <!-- cucumber -->
    </groups>
    <test name="FREE CRM Test" duration-ms="15508" started-at="2019-07-06T22:22:25Z" finished-at="2019-07-06T22:22:41Z">
      <class name="Runner.TestRunner">
        <test-method status="PASS" signature="setUpClass()[pri:0, instance:Runner.TestRunner@234bef66]" name="setUpClass" is-config="true" duration-ms="504" started-at="2019-07-06T22:22:25Z" finished-at="2019-07-06T22:22:26Z">
          <reporter-output>
          </reporter-output>
        </test-method> <!-- setUpClass -->
        <test-method status="PASS" signature="feature(cucumber.api.testng.CucumberFeatureWrapper)[pri:0, instance:Runner.TestRunner@234bef66]" name="feature" duration-ms="14585" started-at="2019-07-06T22:22:26Z" description="Runs Cucumber Feature" data-provider="features" finished-at="2019-07-06T22:22:41Z">
          <params>
            <param index="0">
              <value>
                <![CDATA[Free CRM Login Feature]]>
              </value>
            </param>
          </params>
          <reporter-output>
          </reporter-output>
        </test-method> <!-- feature -->
        <test-method status="PASS" signature="tearDownClass()[pri:0, instance:Runner.TestRunner@234bef66]" name="tearDownClass" is-config="true" duration-ms="50" started-at="2019-07-06T22:22:41Z" finished-at="2019-07-06T22:22:41Z">
          <reporter-output>
          </reporter-output>
        </test-method> <!-- tearDownClass -->
      </class> <!-- Runner.TestRunner -->
    </test> <!-- FREE CRM Test -->
  </suite> <!-- BDD Test Suite -->
</testng-results>
