<?xml version="1.0" encoding="UTF-8"?>
<testng-results skipped="0" failed="0" ignored="0" total="1" passed="1">
  <reporter-output>
  </reporter-output>
  <suite name="BDD Test Suite" duration-ms="15421" started-at="2019-07-06T22:16:49Z" finished-at="2019-07-06T22:17:05Z">
    <groups>
      <group name="cucumber">
        <method signature="TestRunner.feature(cucumber.api.testng.CucumberFeatureWrapper)[pri:0, instance:Runner.TestRunner@402a079c]" name="feature" class="Runner.TestRunner"/>
      </group> <!-- cucumber -->
    </groups>
    <test name="FREE CRM Test" duration-ms="15421" started-at="2019-07-06T22:16:49Z" finished-at="2019-07-06T22:17:05Z">
      <class name="Runner.TestRunner">
        <test-method status="PASS" signature="setUpClass()[pri:0, instance:Runner.TestRunner@402a079c]" name="setUpClass" is-config="true" duration-ms="746" started-at="2019-07-06T22:16:50Z" finished-at="2019-07-06T22:16:50Z">
          <reporter-output>
          </reporter-output>
        </test-method> <!-- setUpClass -->
        <test-method status="PASS" signature="feature(cucumber.api.testng.CucumberFeatureWrapper)[pri:0, instance:Runner.TestRunner@402a079c]" name="feature" duration-ms="14393" started-at="2019-07-06T22:16:50Z" description="Runs Cucumber Feature" data-provider="features" finished-at="2019-07-06T22:17:05Z">
          <params>
            <param index="0">
              <value>
                <![CDATA[Free CRM Login Feature]]>
              </value>
            </param>
          </params>
          <reporter-output>
          </reporter-output>
        </test-method> <!-- feature -->
        <test-method status="PASS" signature="tearDownClass()[pri:0, instance:Runner.TestRunner@402a079c]" name="tearDownClass" is-config="true" duration-ms="20" started-at="2019-07-06T22:17:05Z" finished-at="2019-07-06T22:17:05Z">
          <reporter-output>
          </reporter-output>
        </test-method> <!-- tearDownClass -->
      </class> <!-- Runner.TestRunner -->
    </test> <!-- FREE CRM Test -->
  </suite> <!-- BDD Test Suite -->
</testng-results>
